2020-10-08 00:00:01,397 INFO 7908 [egg-logrotator] app logger reload: got log-reload message
2020-10-08 00:14:38,117 INFO 5792 [egg:logger] init all loggers with options: {"dir":"F:\\workercv\\logs\\workercv","encoding":"utf8","env":"local","level":"INFO","consoleLevel":"INFO","disableConsoleAfterReady":false,"outputJSON":false,"buffer":true,"appLogName":"workercv-web.log","coreLogName":"egg-web.log","agentLogName":"egg-agent.log","errorLogName":"common-error.log","coreLogger":{"consoleLevel":"WARN"},"allowDebugAtProd":false,"type":"application"}
2020-10-08 00:14:38,150 INFO 5792 [egg-multipart] stream mode enable
2020-10-08 00:14:38,234 INFO 5792 [egg-static] starting static serve / -> F:\workercv\app\public
2020-10-08 00:14:38,236 INFO 5792 [egg-security] use csrf middleware
2020-10-08 00:14:38,237 INFO 5792 [egg-security] use methodnoallow middleware
2020-10-08 00:14:38,238 INFO 5792 [egg-security] use noopen middleware
2020-10-08 00:14:38,238 INFO 5792 [egg-security] use nosniff middleware
2020-10-08 00:14:38,239 INFO 5792 [egg-security] use xssProtection middleware
2020-10-08 00:14:38,239 INFO 5792 [egg-security] use xframe middleware
2020-10-08 00:14:38,240 INFO 5792 [egg-security] use dta middleware
2020-10-08 00:14:38,240 INFO 5792 [egg-security] compose 7 middlewares into one security middleware
2020-10-08 00:14:38,262 INFO 5792 [egg:core] dump config after load, 16ms
2020-10-08 00:14:38,274 INFO 5792 [egg-watcher:application] watcher start success
2020-10-08 00:14:38,302 INFO 5792 [egg:core] dump config after ready, 26ms
2020-10-08 00:15:18,688 INFO 5792 [egg-view-nunjucks] loading templates from ["F:\\workercv\\app\\view"]
2020-10-08 10:34:11,810 INFO 6416 [egg:logger] init all loggers with options: {"dir":"F:\\workercv\\logs\\workercv","encoding":"utf8","env":"local","level":"INFO","consoleLevel":"INFO","disableConsoleAfterReady":false,"outputJSON":false,"buffer":true,"appLogName":"workercv-web.log","coreLogName":"egg-web.log","agentLogName":"egg-agent.log","errorLogName":"common-error.log","coreLogger":{"consoleLevel":"WARN"},"allowDebugAtProd":false,"type":"application"}
2020-10-08 10:34:11,853 INFO 6416 [egg-multipart] stream mode enable
2020-10-08 10:34:12,147 INFO 6416 [egg-static] starting static serve / -> F:\workercv\app\public
2020-10-08 10:34:12,150 INFO 6416 [egg-security] use csrf middleware
2020-10-08 10:34:12,151 INFO 6416 [egg-security] use methodnoallow middleware
2020-10-08 10:34:12,151 INFO 6416 [egg-security] use noopen middleware
2020-10-08 10:34:12,152 INFO 6416 [egg-security] use nosniff middleware
2020-10-08 10:34:12,153 INFO 6416 [egg-security] use xssProtection middleware
2020-10-08 10:34:12,153 INFO 6416 [egg-security] use xframe middleware
2020-10-08 10:34:12,154 INFO 6416 [egg-security] use dta middleware
2020-10-08 10:34:12,154 INFO 6416 [egg-security] compose 7 middlewares into one security middleware
2020-10-08 10:34:12,215 INFO 6416 [egg:core] dump config after load, 32ms
2020-10-08 10:34:12,245 INFO 6416 [egg-watcher:application] watcher start success
2020-10-08 10:34:12,277 INFO 6416 [egg:core] dump config after ready, 17ms
2020-10-08 10:34:59,444 INFO 6416 [egg-view-nunjucks] loading templates from ["F:\\workercv\\app\\view"]
