2020-10-09 00:52:39,955 INFO 13416 [egg-schedule]: register schedule F:\workercv\node_modules\egg-multipart\app\schedule\clean_tmpdir.js
2020-10-09 00:52:39,955 INFO 13416 [egg-schedule]: register schedule F:\workercv\node_modules\egg-logrotator\app\schedule\clean_log.js
2020-10-09 00:52:39,955 INFO 13416 [egg-schedule]: register schedule F:\workercv\node_modules\egg-logrotator\app\schedule\rotate_by_file.js
2020-10-09 00:52:45,837 INFO 476 [egg-schedule]: register schedule F:\workercv\node_modules\egg-multipart\app\schedule\clean_tmpdir.js
2020-10-09 00:52:45,837 INFO 476 [egg-schedule]: register schedule F:\workercv\node_modules\egg-logrotator\app\schedule\clean_log.js
2020-10-09 00:52:45,837 INFO 476 [egg-schedule]: register schedule F:\workercv\node_modules\egg-logrotator\app\schedule\rotate_by_file.js
2020-10-09 00:56:48,630 INFO 3496 [egg-schedule]: register schedule F:\workercv\node_modules\egg-multipart\app\schedule\clean_tmpdir.js
2020-10-09 00:56:48,630 INFO 3496 [egg-schedule]: register schedule F:\workercv\node_modules\egg-logrotator\app\schedule\clean_log.js
2020-10-09 00:56:48,630 INFO 3496 [egg-schedule]: register schedule F:\workercv\node_modules\egg-logrotator\app\schedule\rotate_by_file.js
2020-10-09 00:57:14,684 INFO 1256 [egg-schedule]: register schedule F:\workercv\node_modules\egg-multipart\app\schedule\clean_tmpdir.js
2020-10-09 00:57:14,684 INFO 1256 [egg-schedule]: register schedule F:\workercv\node_modules\egg-logrotator\app\schedule\clean_log.js
2020-10-09 00:57:14,684 INFO 1256 [egg-schedule]: register schedule F:\workercv\node_modules\egg-logrotator\app\schedule\rotate_by_file.js
2020-10-09 00:59:51,800 INFO 14564 [egg-schedule]: register schedule F:\workercv\node_modules\egg-multipart\app\schedule\clean_tmpdir.js
2020-10-09 00:59:51,800 INFO 14564 [egg-schedule]: register schedule F:\workercv\node_modules\egg-logrotator\app\schedule\clean_log.js
2020-10-09 00:59:51,800 INFO 14564 [egg-schedule]: register schedule F:\workercv\node_modules\egg-logrotator\app\schedule\rotate_by_file.js
2020-10-09 01:00:54,323 INFO 17120 [egg-schedule]: register schedule F:\workercv\node_modules\egg-multipart\app\schedule\clean_tmpdir.js
2020-10-09 01:00:54,324 INFO 17120 [egg-schedule]: register schedule F:\workercv\node_modules\egg-logrotator\app\schedule\clean_log.js
2020-10-09 01:00:54,324 INFO 17120 [egg-schedule]: register schedule F:\workercv\node_modules\egg-logrotator\app\schedule\rotate_by_file.js
2020-10-09 01:02:12,560 INFO 15772 [egg-schedule]: register schedule F:\workercv\node_modules\egg-multipart\app\schedule\clean_tmpdir.js
2020-10-09 01:02:12,560 INFO 15772 [egg-schedule]: register schedule F:\workercv\node_modules\egg-logrotator\app\schedule\clean_log.js
2020-10-09 01:02:12,560 INFO 15772 [egg-schedule]: register schedule F:\workercv\node_modules\egg-logrotator\app\schedule\rotate_by_file.js
2020-10-09 01:03:38,468 INFO 13572 [egg-schedule]: register schedule F:\workercv\node_modules\egg-multipart\app\schedule\clean_tmpdir.js
2020-10-09 01:03:38,468 INFO 13572 [egg-schedule]: register schedule F:\workercv\node_modules\egg-logrotator\app\schedule\clean_log.js
2020-10-09 01:03:38,468 INFO 13572 [egg-schedule]: register schedule F:\workercv\node_modules\egg-logrotator\app\schedule\rotate_by_file.js
2020-10-09 01:03:44,480 INFO 20308 [egg-schedule]: register schedule F:\workercv\node_modules\egg-multipart\app\schedule\clean_tmpdir.js
2020-10-09 01:03:44,480 INFO 20308 [egg-schedule]: register schedule F:\workercv\node_modules\egg-logrotator\app\schedule\clean_log.js
2020-10-09 01:03:44,480 INFO 20308 [egg-schedule]: register schedule F:\workercv\node_modules\egg-logrotator\app\schedule\rotate_by_file.js
2020-10-09 01:03:53,676 INFO 12552 [egg-schedule]: register schedule F:\workercv\node_modules\egg-multipart\app\schedule\clean_tmpdir.js
2020-10-09 01:03:53,676 INFO 12552 [egg-schedule]: register schedule F:\workercv\node_modules\egg-logrotator\app\schedule\clean_log.js
2020-10-09 01:03:53,676 INFO 12552 [egg-schedule]: register schedule F:\workercv\node_modules\egg-logrotator\app\schedule\rotate_by_file.js
2020-10-09 01:04:02,457 INFO 4612 [egg-schedule]: register schedule F:\workercv\node_modules\egg-multipart\app\schedule\clean_tmpdir.js
2020-10-09 01:04:02,457 INFO 4612 [egg-schedule]: register schedule F:\workercv\node_modules\egg-logrotator\app\schedule\clean_log.js
2020-10-09 01:04:02,457 INFO 4612 [egg-schedule]: register schedule F:\workercv\node_modules\egg-logrotator\app\schedule\rotate_by_file.js
2020-10-09 01:04:25,952 INFO 19524 [egg-schedule]: register schedule F:\workercv\node_modules\egg-multipart\app\schedule\clean_tmpdir.js
2020-10-09 01:04:25,952 INFO 19524 [egg-schedule]: register schedule F:\workercv\node_modules\egg-logrotator\app\schedule\clean_log.js
2020-10-09 01:04:25,952 INFO 19524 [egg-schedule]: register schedule F:\workercv\node_modules\egg-logrotator\app\schedule\rotate_by_file.js
2020-10-09 01:04:31,869 INFO 5596 [egg-schedule]: register schedule F:\workercv\node_modules\egg-multipart\app\schedule\clean_tmpdir.js
2020-10-09 01:04:31,869 INFO 5596 [egg-schedule]: register schedule F:\workercv\node_modules\egg-logrotator\app\schedule\clean_log.js
2020-10-09 01:04:31,869 INFO 5596 [egg-schedule]: register schedule F:\workercv\node_modules\egg-logrotator\app\schedule\rotate_by_file.js
2020-10-09 01:05:24,524 INFO 13084 [egg-schedule]: register schedule F:\workercv\node_modules\egg-multipart\app\schedule\clean_tmpdir.js
2020-10-09 01:05:24,524 INFO 13084 [egg-schedule]: register schedule F:\workercv\node_modules\egg-logrotator\app\schedule\clean_log.js
2020-10-09 01:05:24,525 INFO 13084 [egg-schedule]: register schedule F:\workercv\node_modules\egg-logrotator\app\schedule\rotate_by_file.js
2020-10-09 01:05:40,620 INFO 8876 [egg-schedule]: register schedule F:\workercv\node_modules\egg-multipart\app\schedule\clean_tmpdir.js
2020-10-09 01:05:40,620 INFO 8876 [egg-schedule]: register schedule F:\workercv\node_modules\egg-logrotator\app\schedule\clean_log.js
2020-10-09 01:05:40,620 INFO 8876 [egg-schedule]: register schedule F:\workercv\node_modules\egg-logrotator\app\schedule\rotate_by_file.js
2020-10-09 01:06:24,686 INFO 6588 [egg-schedule]: register schedule F:\workercv\node_modules\egg-multipart\app\schedule\clean_tmpdir.js
2020-10-09 01:06:24,686 INFO 6588 [egg-schedule]: register schedule F:\workercv\node_modules\egg-logrotator\app\schedule\clean_log.js
2020-10-09 01:06:24,686 INFO 6588 [egg-schedule]: register schedule F:\workercv\node_modules\egg-logrotator\app\schedule\rotate_by_file.js
2020-10-09 01:06:27,198 INFO 1400 [egg-schedule]: register schedule F:\workercv\node_modules\egg-multipart\app\schedule\clean_tmpdir.js
2020-10-09 01:06:27,198 INFO 1400 [egg-schedule]: register schedule F:\workercv\node_modules\egg-logrotator\app\schedule\clean_log.js
2020-10-09 01:06:27,198 INFO 1400 [egg-schedule]: register schedule F:\workercv\node_modules\egg-logrotator\app\schedule\rotate_by_file.js
2020-10-09 01:07:23,403 INFO 17356 [egg-schedule]: register schedule F:\workercv\node_modules\egg-multipart\app\schedule\clean_tmpdir.js
2020-10-09 01:07:23,403 INFO 17356 [egg-schedule]: register schedule F:\workercv\node_modules\egg-logrotator\app\schedule\clean_log.js
2020-10-09 01:07:23,403 INFO 17356 [egg-schedule]: register schedule F:\workercv\node_modules\egg-logrotator\app\schedule\rotate_by_file.js
2020-10-09 01:09:45,049 INFO 2364 [egg-schedule]: register schedule F:\workercv\node_modules\egg-multipart\app\schedule\clean_tmpdir.js
2020-10-09 01:09:45,049 INFO 2364 [egg-schedule]: register schedule F:\workercv\node_modules\egg-logrotator\app\schedule\clean_log.js
2020-10-09 01:09:45,049 INFO 2364 [egg-schedule]: register schedule F:\workercv\node_modules\egg-logrotator\app\schedule\rotate_by_file.js
2020-10-09 01:10:14,768 INFO 12056 [egg-schedule]: register schedule F:\workercv\node_modules\egg-multipart\app\schedule\clean_tmpdir.js
2020-10-09 01:10:14,768 INFO 12056 [egg-schedule]: register schedule F:\workercv\node_modules\egg-logrotator\app\schedule\clean_log.js
2020-10-09 01:10:14,768 INFO 12056 [egg-schedule]: register schedule F:\workercv\node_modules\egg-logrotator\app\schedule\rotate_by_file.js
2020-10-09 01:10:37,772 INFO 15700 [egg-schedule]: register schedule F:\workercv\node_modules\egg-multipart\app\schedule\clean_tmpdir.js
2020-10-09 01:10:37,772 INFO 15700 [egg-schedule]: register schedule F:\workercv\node_modules\egg-logrotator\app\schedule\clean_log.js
2020-10-09 01:10:37,772 INFO 15700 [egg-schedule]: register schedule F:\workercv\node_modules\egg-logrotator\app\schedule\rotate_by_file.js
2020-10-09 09:24:48,700 INFO 3740 [egg-schedule]: register schedule F:\WorkerCV\node_modules\egg-multipart\app\schedule\clean_tmpdir.js
2020-10-09 09:24:48,700 INFO 3740 [egg-schedule]: register schedule F:\WorkerCV\node_modules\egg-logrotator\app\schedule\clean_log.js
2020-10-09 09:24:48,700 INFO 3740 [egg-schedule]: register schedule F:\WorkerCV\node_modules\egg-logrotator\app\schedule\rotate_by_file.js
2020-10-09 09:24:49,977 INFO 12948 [Timer] F:\WorkerCV\node_modules\egg-multipart\app\schedule\clean_tmpdir.js next time will execute after 68710025ms at 2020-10-10 04:30:00.002
2020-10-09 09:24:49,977 INFO 12948 [Timer] F:\WorkerCV\node_modules\egg-logrotator\app\schedule\clean_log.js next time will execute after 52510023ms at 2020-10-10 00:00:00.000
2020-10-09 09:24:49,977 INFO 12948 [Timer] F:\WorkerCV\node_modules\egg-logrotator\app\schedule\rotate_by_file.js next time will execute after 52511023ms at 2020-10-10 00:00:01.000
2020-10-09 09:35:32,108 INFO 12784 [egg-schedule]: register schedule F:\WorkerCV\node_modules\egg-multipart\app\schedule\clean_tmpdir.js
2020-10-09 09:35:32,108 INFO 12784 [egg-schedule]: register schedule F:\WorkerCV\node_modules\egg-logrotator\app\schedule\clean_log.js
2020-10-09 09:35:32,108 INFO 12784 [egg-schedule]: register schedule F:\WorkerCV\node_modules\egg-logrotator\app\schedule\rotate_by_file.js
2020-10-09 09:35:32,346 INFO 15660 [Timer] F:\WorkerCV\node_modules\egg-multipart\app\schedule\clean_tmpdir.js next time will execute after 68067658ms at 2020-10-10 04:30:00.004
2020-10-09 09:35:32,347 INFO 15660 [Timer] F:\WorkerCV\node_modules\egg-logrotator\app\schedule\clean_log.js next time will execute after 51867653ms at 2020-10-10 00:00:00.000
2020-10-09 09:35:32,348 INFO 15660 [Timer] F:\WorkerCV\node_modules\egg-logrotator\app\schedule\rotate_by_file.js next time will execute after 51868653ms at 2020-10-10 00:00:01.001
2020-10-09 09:37:02,707 INFO 212 [Timer] F:\WorkerCV\node_modules\egg-multipart\app\schedule\clean_tmpdir.js next time will execute after 67977295ms at 2020-10-10 04:30:00.002
2020-10-09 09:37:02,708 INFO 212 [Timer] F:\WorkerCV\node_modules\egg-logrotator\app\schedule\clean_log.js next time will execute after 51777292ms at 2020-10-10 00:00:00.000
2020-10-09 09:37:02,708 INFO 212 [Timer] F:\WorkerCV\node_modules\egg-logrotator\app\schedule\rotate_by_file.js next time will execute after 51778292ms at 2020-10-10 00:00:01.000
2020-10-09 09:37:02,479 INFO 4912 [egg-schedule]: register schedule F:\WorkerCV\node_modules\egg-multipart\app\schedule\clean_tmpdir.js
2020-10-09 09:37:02,479 INFO 4912 [egg-schedule]: register schedule F:\WorkerCV\node_modules\egg-logrotator\app\schedule\clean_log.js
2020-10-09 09:37:02,480 INFO 4912 [egg-schedule]: register schedule F:\WorkerCV\node_modules\egg-logrotator\app\schedule\rotate_by_file.js
2020-10-09 09:41:01,771 INFO 9096 [egg-schedule]: register schedule F:\WorkerCV\node_modules\egg-multipart\app\schedule\clean_tmpdir.js
2020-10-09 09:41:01,771 INFO 9096 [egg-schedule]: register schedule F:\WorkerCV\node_modules\egg-logrotator\app\schedule\clean_log.js
2020-10-09 09:41:01,771 INFO 9096 [egg-schedule]: register schedule F:\WorkerCV\node_modules\egg-logrotator\app\schedule\rotate_by_file.js
2020-10-09 09:41:02,187 INFO 1264 [Timer] F:\WorkerCV\node_modules\egg-multipart\app\schedule\clean_tmpdir.js next time will execute after 67737819ms at 2020-10-10 04:30:00.006
2020-10-09 09:41:02,188 INFO 1264 [Timer] F:\WorkerCV\node_modules\egg-logrotator\app\schedule\clean_log.js next time will execute after 51537813ms at 2020-10-10 00:00:00.001
2020-10-09 09:41:02,188 INFO 1264 [Timer] F:\WorkerCV\node_modules\egg-logrotator\app\schedule\rotate_by_file.js next time will execute after 51538812ms at 2020-10-10 00:00:01.000
2020-10-09 10:07:51,975 INFO 3892 [egg-schedule]: register schedule F:\WorkerCV\node_modules\egg-multipart\app\schedule\clean_tmpdir.js
2020-10-09 10:07:51,975 INFO 3892 [egg-schedule]: register schedule F:\WorkerCV\node_modules\egg-logrotator\app\schedule\clean_log.js
2020-10-09 10:07:51,975 INFO 3892 [egg-schedule]: register schedule F:\WorkerCV\node_modules\egg-logrotator\app\schedule\rotate_by_file.js
2020-10-09 10:08:46,588 INFO 16252 [egg-schedule]: register schedule F:\WorkerCV\node_modules\egg-multipart\app\schedule\clean_tmpdir.js
2020-10-09 10:08:46,588 INFO 16252 [egg-schedule]: register schedule F:\WorkerCV\node_modules\egg-logrotator\app\schedule\clean_log.js
2020-10-09 10:08:46,588 INFO 16252 [egg-schedule]: register schedule F:\WorkerCV\node_modules\egg-logrotator\app\schedule\rotate_by_file.js
2020-10-09 10:10:03,539 INFO 13496 [egg-schedule]: register schedule F:\WorkerCV\node_modules\egg-multipart\app\schedule\clean_tmpdir.js
2020-10-09 10:10:03,539 INFO 13496 [egg-schedule]: register schedule F:\WorkerCV\node_modules\egg-logrotator\app\schedule\clean_log.js
2020-10-09 10:10:03,539 INFO 13496 [egg-schedule]: register schedule F:\WorkerCV\node_modules\egg-logrotator\app\schedule\rotate_by_file.js
2020-10-09 10:10:18,549 INFO 3404 [egg-schedule]: register schedule F:\WorkerCV\node_modules\egg-multipart\app\schedule\clean_tmpdir.js
2020-10-09 10:10:18,549 INFO 3404 [egg-schedule]: register schedule F:\WorkerCV\node_modules\egg-logrotator\app\schedule\clean_log.js
2020-10-09 10:10:18,549 INFO 3404 [egg-schedule]: register schedule F:\WorkerCV\node_modules\egg-logrotator\app\schedule\rotate_by_file.js
2020-10-09 10:16:46,294 INFO 10900 [egg-schedule]: register schedule F:\WorkerCV\node_modules\egg-multipart\app\schedule\clean_tmpdir.js
2020-10-09 10:16:46,294 INFO 10900 [egg-schedule]: register schedule F:\WorkerCV\node_modules\egg-logrotator\app\schedule\clean_log.js
2020-10-09 10:16:46,294 INFO 10900 [egg-schedule]: register schedule F:\WorkerCV\node_modules\egg-logrotator\app\schedule\rotate_by_file.js
2020-10-09 10:17:01,179 INFO 16152 [egg-schedule]: register schedule F:\WorkerCV\node_modules\egg-multipart\app\schedule\clean_tmpdir.js
2020-10-09 10:17:01,179 INFO 16152 [egg-schedule]: register schedule F:\WorkerCV\node_modules\egg-logrotator\app\schedule\clean_log.js
2020-10-09 10:17:01,179 INFO 16152 [egg-schedule]: register schedule F:\WorkerCV\node_modules\egg-logrotator\app\schedule\rotate_by_file.js
2020-10-09 10:18:55,904 INFO 880 [egg-schedule]: register schedule F:\WorkerCV\node_modules\egg-multipart\app\schedule\clean_tmpdir.js
2020-10-09 10:18:55,904 INFO 880 [egg-schedule]: register schedule F:\WorkerCV\node_modules\egg-logrotator\app\schedule\clean_log.js
2020-10-09 10:18:55,904 INFO 880 [egg-schedule]: register schedule F:\WorkerCV\node_modules\egg-logrotator\app\schedule\rotate_by_file.js
2020-10-09 10:21:10,054 INFO 9032 [egg-schedule]: register schedule F:\WorkerCV\node_modules\egg-multipart\app\schedule\clean_tmpdir.js
2020-10-09 10:21:10,054 INFO 9032 [egg-schedule]: register schedule F:\WorkerCV\node_modules\egg-logrotator\app\schedule\clean_log.js
2020-10-09 10:21:10,055 INFO 9032 [egg-schedule]: register schedule F:\WorkerCV\node_modules\egg-logrotator\app\schedule\rotate_by_file.js
2020-10-09 10:23:52,330 INFO 15104 [egg-schedule]: register schedule F:\WorkerCV\node_modules\egg-multipart\app\schedule\clean_tmpdir.js
2020-10-09 10:23:52,330 INFO 15104 [egg-schedule]: register schedule F:\WorkerCV\node_modules\egg-logrotator\app\schedule\clean_log.js
2020-10-09 10:23:52,330 INFO 15104 [egg-schedule]: register schedule F:\WorkerCV\node_modules\egg-logrotator\app\schedule\rotate_by_file.js
2020-10-09 10:29:40,642 INFO 1008 [egg-schedule]: register schedule F:\WorkerCV\node_modules\egg-multipart\app\schedule\clean_tmpdir.js
2020-10-09 10:29:40,642 INFO 1008 [egg-schedule]: register schedule F:\WorkerCV\node_modules\egg-logrotator\app\schedule\clean_log.js
2020-10-09 10:29:40,642 INFO 1008 [egg-schedule]: register schedule F:\WorkerCV\node_modules\egg-logrotator\app\schedule\rotate_by_file.js
2020-10-09 10:30:50,578 INFO 7428 [egg-schedule]: register schedule F:\WorkerCV\node_modules\egg-multipart\app\schedule\clean_tmpdir.js
2020-10-09 10:30:50,578 INFO 7428 [egg-schedule]: register schedule F:\WorkerCV\node_modules\egg-logrotator\app\schedule\clean_log.js
2020-10-09 10:30:50,578 INFO 7428 [egg-schedule]: register schedule F:\WorkerCV\node_modules\egg-logrotator\app\schedule\rotate_by_file.js
2020-10-09 10:32:11,710 INFO 5076 [egg-schedule]: register schedule F:\WorkerCV\node_modules\egg-multipart\app\schedule\clean_tmpdir.js
2020-10-09 10:32:11,710 INFO 5076 [egg-schedule]: register schedule F:\WorkerCV\node_modules\egg-logrotator\app\schedule\clean_log.js
2020-10-09 10:32:11,710 INFO 5076 [egg-schedule]: register schedule F:\WorkerCV\node_modules\egg-logrotator\app\schedule\rotate_by_file.js
2020-10-09 10:32:38,904 INFO 10908 [egg-schedule]: register schedule F:\WorkerCV\node_modules\egg-multipart\app\schedule\clean_tmpdir.js
2020-10-09 10:32:38,904 INFO 10908 [egg-schedule]: register schedule F:\WorkerCV\node_modules\egg-logrotator\app\schedule\clean_log.js
2020-10-09 10:32:38,904 INFO 10908 [egg-schedule]: register schedule F:\WorkerCV\node_modules\egg-logrotator\app\schedule\rotate_by_file.js
2020-10-09 10:32:58,311 INFO 12868 [egg-schedule]: register schedule F:\WorkerCV\node_modules\egg-multipart\app\schedule\clean_tmpdir.js
2020-10-09 10:32:58,311 INFO 12868 [egg-schedule]: register schedule F:\WorkerCV\node_modules\egg-logrotator\app\schedule\clean_log.js
2020-10-09 10:32:58,311 INFO 12868 [egg-schedule]: register schedule F:\WorkerCV\node_modules\egg-logrotator\app\schedule\rotate_by_file.js
2020-10-09 10:33:40,741 INFO 4912 [egg-schedule]: register schedule F:\WorkerCV\node_modules\egg-multipart\app\schedule\clean_tmpdir.js
2020-10-09 10:33:40,741 INFO 4912 [egg-schedule]: register schedule F:\WorkerCV\node_modules\egg-logrotator\app\schedule\clean_log.js
2020-10-09 10:33:40,741 INFO 4912 [egg-schedule]: register schedule F:\WorkerCV\node_modules\egg-logrotator\app\schedule\rotate_by_file.js
2020-10-09 10:34:06,647 INFO 4136 [egg-schedule]: register schedule F:\WorkerCV\node_modules\egg-multipart\app\schedule\clean_tmpdir.js
2020-10-09 10:34:06,647 INFO 4136 [egg-schedule]: register schedule F:\WorkerCV\node_modules\egg-logrotator\app\schedule\clean_log.js
2020-10-09 10:34:06,647 INFO 4136 [egg-schedule]: register schedule F:\WorkerCV\node_modules\egg-logrotator\app\schedule\rotate_by_file.js
2020-10-09 10:37:34,922 INFO 5656 [egg-schedule]: register schedule F:\WorkerCV\node_modules\egg-multipart\app\schedule\clean_tmpdir.js
2020-10-09 10:37:34,922 INFO 5656 [egg-schedule]: register schedule F:\WorkerCV\node_modules\egg-logrotator\app\schedule\clean_log.js
2020-10-09 10:37:34,922 INFO 5656 [egg-schedule]: register schedule F:\WorkerCV\node_modules\egg-logrotator\app\schedule\rotate_by_file.js
